    INFO: 2022-11-21 14:12:47,640:               log.py:   20: Logging to C:\Users\tobia\PycharmProjects\WetLab\Zebrafish\pyHeart4Fish\pyHeart4Fish_GUI\mdpdf.log
   DEBUG: 2022-11-21 14:12:47,640:               cli.py:  103: C:\Users\tobia\PycharmProjects\WetLab\Zebrafish\pyHeart4Fish\pyHeart4Fish_GUI\Readme.md
    INFO: 2022-11-21 14:12:47,641:         converter.py:   14: C:\Users\tobia\PycharmProjects\WetLab\Zebrafish\pyHeart4Fish\pyHeart4Fish_GUI\Readme.md
   DEBUG: 2022-11-21 14:12:47,649:      pdf_renderer.py:  470: printSegment: pyheart4fish - a heart beat analysis tool for zebrafish
   DEBUG: 2022-11-21 14:12:47,651:      pdf_renderer.py:  470: printSegment: <!README file was written according to: 
   DEBUG: 2022-11-21 14:12:47,652:      pdf_renderer.py:  470: printSegment: https://medium.com/analytics-vidhya/how-to-create-a-readme-md-file-8fb2e8ce24e3>
   DEBUG: 2022-11-21 14:12:47,652:      pdf_renderer.py:  470: printSegment: Content
   DEBUG: 2022-11-21 14:12:47,653:      pdf_renderer.py:  470: printSegment:  1 
   DEBUG: 2022-11-21 14:12:47,654:      pdf_renderer.py:  470: printSegment: Requirements / Dependencies
   DEBUG: 2022-11-21 14:12:47,654:      pdf_renderer.py:  470: printSegment:  2 
   DEBUG: 2022-11-21 14:12:47,654:      pdf_renderer.py:  470: printSegment: How to run pyheart4fish - Tutorial/ Documentation
   DEBUG: 2022-11-21 14:12:47,654:      pdf_renderer.py:  470: printSegment:  3 
   DEBUG: 2022-11-21 14:12:47,655:      pdf_renderer.py:  470: printSegment: Troubleshooting and FAQ
   DEBUG: 2022-11-21 14:12:47,655:      pdf_renderer.py:  470: printSegment:  4 
   DEBUG: 2022-11-21 14:12:47,655:      pdf_renderer.py:  470: printSegment: Licensing
   DEBUG: 2022-11-21 14:12:47,655:      pdf_renderer.py:  470: printSegment: Requirements / Dependencies
   DEBUG: 2022-11-21 14:12:47,655:      pdf_renderer.py:  470: printSegment: The pyheart4fish has been developed and tested in 
   DEBUG: 2022-11-21 14:12:47,656:      pdf_renderer.py:  470: printSegment: windows 11
   DEBUG: 2022-11-21 14:12:47,657:      pdf_renderer.py:  470: printSegment: !
   DEBUG: 2022-11-21 14:12:47,658:      pdf_renderer.py:  470: printSegment:  
   DEBUG: 2022-11-21 14:12:47,658:      pdf_renderer.py:  470: printSegment: <br/>
   DEBUG: 2022-11-21 14:12:47,658:      pdf_renderer.py:  470: printSegment:  
   DEBUG: 2022-11-21 14:12:47,658:      pdf_renderer.py:  470: printSegment: Supported Python versions >= 3.6. >>>
   DEBUG: 2022-11-21 14:12:47,658:      pdf_renderer.py:  470: printSegment: https://www.python.org/downloads/
   DEBUG: 2022-11-21 14:12:47,658:      pdf_renderer.py:  470: printSegment: Required python packages:
   DEBUG: 2022-11-21 14:12:47,659:      pdf_renderer.py:  470: printSegment: l
   DEBUG: 2022-11-21 14:12:47,659:      pdf_renderer.py:  470: printSegment: aicsimageio==4.7.0
   DEBUG: 2022-11-21 14:12:47,659:      pdf_renderer.py:  470: printSegment: l
   DEBUG: 2022-11-21 14:12:47,659:      pdf_renderer.py:  470: printSegment: czifile==2019.7.2
   DEBUG: 2022-11-21 14:12:47,660:      pdf_renderer.py:  470: printSegment: l
   DEBUG: 2022-11-21 14:12:47,660:      pdf_renderer.py:  470: printSegment: aicspylibczi==3.0.5
   DEBUG: 2022-11-21 14:12:47,660:      pdf_renderer.py:  470: printSegment: l
   DEBUG: 2022-11-21 14:12:47,660:      pdf_renderer.py:  470: printSegment: matplotlib==3.5.1
   DEBUG: 2022-11-21 14:12:47,660:      pdf_renderer.py:  470: printSegment: l
   DEBUG: 2022-11-21 14:12:47,660:      pdf_renderer.py:  470: printSegment: numpy==1.21.2
   DEBUG: 2022-11-21 14:12:47,661:      pdf_renderer.py:  470: printSegment: l
   DEBUG: 2022-11-21 14:12:47,661:      pdf_renderer.py:  470: printSegment: opencv
   DEBUG: 2022-11-21 14:12:47,661:      pdf_renderer.py:  470: printSegment: _
   DEBUG: 2022-11-21 14:12:47,661:      pdf_renderer.py:  470: printSegment: python==4.5.5.62
   DEBUG: 2022-11-21 14:12:47,661:      pdf_renderer.py:  470: printSegment: l
   DEBUG: 2022-11-21 14:12:47,662:      pdf_renderer.py:  470: printSegment: pandas==1.3.4
   DEBUG: 2022-11-21 14:12:47,662:      pdf_renderer.py:  470: printSegment: l
   DEBUG: 2022-11-21 14:12:47,662:      pdf_renderer.py:  470: printSegment: Pillow==9.2.0
   DEBUG: 2022-11-21 14:12:47,662:      pdf_renderer.py:  470: printSegment: l
   DEBUG: 2022-11-21 14:12:47,662:      pdf_renderer.py:  470: printSegment: scipy==1.8.0
   DEBUG: 2022-11-21 14:12:47,663:      pdf_renderer.py:  470: printSegment: l
   DEBUG: 2022-11-21 14:12:47,663:      pdf_renderer.py:  470: printSegment: openpyxl==3.0.10
   DEBUG: 2022-11-21 14:12:47,663:      pdf_renderer.py:  470: printSegment: <br/>
   DEBUG: 2022-11-21 14:12:47,663:      pdf_renderer.py:  470: printSegment: ```
   DEBUG: 2022-11-21 14:12:47,663:      pdf_renderer.py:  470: printSegment: python insall -r requirements.txt
   DEBUG: 2022-11-21 14:12:47,663:      pdf_renderer.py:  470: printSegment: ```
   DEBUG: 2022-11-21 14:12:47,664:      pdf_renderer.py:  470: printSegment: ---
   DEBUG: 2022-11-21 14:12:47,664:      pdf_renderer.py:  470: printSegment: How to run pyheart4fish - Tutorial/ Documentation
   DEBUG: 2022-11-21 14:12:47,664:      pdf_renderer.py:  470: printSegment: Installation
   DEBUG: 2022-11-21 14:12:47,664:      pdf_renderer.py:  470: printSegment:  1 
   DEBUG: 2022-11-21 14:12:47,664:      pdf_renderer.py:  470: printSegment: Download the complete pyheart4fish folder and run Python scripts
   DEBUG: 2022-11-21 14:12:47,665:      pdf_renderer.py:  470: printSegment:  2 
   DEBUG: 2022-11-21 14:12:47,665:      pdf_renderer.py:  470: printSegment: Download pyheart4fish
   DEBUG: 2022-11-21 14:12:47,665:      pdf_renderer.py:  470: printSegment: _
   DEBUG: 2022-11-21 14:12:47,665:      pdf_renderer.py:  470: printSegment: exe folder and run .exe file
   DEBUG: 2022-11-21 14:12:47,665:      pdf_renderer.py:  470: printSegment:  3 
   DEBUG: 2022-11-21 14:12:47,665:      pdf_renderer.py:  470: printSegment: use Docker image (not yet implemented)
   DEBUG: 2022-11-21 14:12:47,666:      pdf_renderer.py:  470: printSegment: Run heart
   DEBUG: 2022-11-21 14:12:47,666:      pdf_renderer.py:  470: printSegment: _
   DEBUG: 2022-11-21 14:12:47,666:      pdf_renderer.py:  470: printSegment: beat
   DEBUG: 2022-11-21 14:12:47,666:      pdf_renderer.py:  470: printSegment: _
   DEBUG: 2022-11-21 14:12:47,666:      pdf_renderer.py:  470: printSegment: GUI.py
   DEBUG: 2022-11-21 14:12:47,667:      pdf_renderer.py:  470: printSegment:  1 
   DEBUG: 2022-11-21 14:12:47,667:      pdf_renderer.py:  470: printSegment: in console 
   DEBUG: 2022-11-21 14:12:47,667:      pdf_renderer.py:  470: printSegment:  python .../pyHeart4Fish_GUI/heart_beat_GUI.py
   DEBUG: 2022-11-21 14:12:47,667:      pdf_renderer.py:  470: printSegment: 2
   DEBUG: 2022-11-21 14:12:47,667:      pdf_renderer.py:  470: printSegment:  2 
   DEBUG: 2022-11-21 14:12:47,668:      pdf_renderer.py:  470: printSegment: or right click on file > open with Python
   DEBUG: 2022-11-21 14:12:47,668:      pdf_renderer.py:  470: printSegment:  3 
   DEBUG: 2022-11-21 14:12:47,668:      pdf_renderer.py:  470: printSegment: run in Python IDE of your choice (e.g., Pycharm, KITE, Notepad++)
   DEBUG: 2022-11-21 14:12:47,668:      pdf_renderer.py:  470: printSegment: Input data types
   DEBUG: 2022-11-21 14:12:47,669:      pdf_renderer.py:  470: printSegment: l
   DEBUG: 2022-11-21 14:12:47,669:      pdf_renderer.py:  470: printSegment: .avi
   DEBUG: 2022-11-21 14:12:47,669:      pdf_renderer.py:  470: printSegment: l
   DEBUG: 2022-11-21 14:12:47,670:      pdf_renderer.py:  470: printSegment: .czi (ZEISS file format)
   DEBUG: 2022-11-21 14:12:47,670:      pdf_renderer.py:  470: printSegment: l
   DEBUG: 2022-11-21 14:12:47,670:      pdf_renderer.py:  470: printSegment: .mp4 (not supported yet
   DEBUG: 2022-11-21 14:12:47,670:      pdf_renderer.py:  470: printSegment: !
   DEBUG: 2022-11-21 14:12:47,670:      pdf_renderer.py:  470: printSegment:  Coming soon
   DEBUG: 2022-11-21 14:12:47,671:      pdf_renderer.py:  470: printSegment: !
   DEBUG: 2022-11-21 14:12:47,671:      pdf_renderer.py:  470: printSegment: )
   DEBUG: 2022-11-21 14:12:47,671:      pdf_renderer.py:  470: printSegment: l
   DEBUG: 2022-11-21 14:12:47,671:      pdf_renderer.py:  470: printSegment: .tif-files, .png-files or .jpg-files
   DEBUG: 2022-11-21 14:12:47,671:      pdf_renderer.py:  470: printSegment:  
   DEBUG: 2022-11-21 14:12:47,671:      pdf_renderer.py:  470: printSegment: as series of frames stored in one folder per fish
   DEBUG: 2022-11-21 14:12:47,672:      pdf_renderer.py:  470: printSegment: Outputs stored in the results folder
   DEBUG: 2022-11-21 14:12:47,672:      pdf_renderer.py:  470: printSegment: l
   DEBUG: 2022-11-21 14:12:47,672:      pdf_renderer.py:  470: printSegment: Config-file as json-file
   DEBUG: 2022-11-21 14:12:47,673:      pdf_renderer.py:  470: printSegment: l
   DEBUG: 2022-11-21 14:12:47,673:      pdf_renderer.py:  470: printSegment: Raw data of heart beats as numpy array
   DEBUG: 2022-11-21 14:12:47,673:      pdf_renderer.py:  470: printSegment: l
   DEBUG: 2022-11-21 14:12:47,673:      pdf_renderer.py:  470: printSegment: Atrium and ventricle curves and fitting functions as plot
   DEBUG: 2022-11-21 14:12:47,673:      pdf_renderer.py:  470: printSegment: l
   DEBUG: 2022-11-21 14:12:47,674:      pdf_renderer.py:  470: printSegment: Processed heart images as gif-file (10 iterations)
   DEBUG: 2022-11-21 14:12:47,674:      pdf_renderer.py:  470: printSegment: l
   DEBUG: 2022-11-21 14:12:47,674:      pdf_renderer.py:  470: printSegment: Excel sheet for each fish in subfolder with all possible parameters
   DEBUG: 2022-11-21 14:12:47,674:      pdf_renderer.py:  470: printSegment: l
   DEBUG: 2022-11-21 14:12:47,674:      pdf_renderer.py:  470: printSegment: Combined Excel sheet for all fish analyzed
   DEBUG: 2022-11-21 14:12:47,675:      pdf_renderer.py:  470: printSegment: Test data sets in >Test
   DEBUG: 2022-11-21 14:12:47,675:      pdf_renderer.py:  470: printSegment: _
   DEBUG: 2022-11-21 14:12:47,675:      pdf_renderer.py:  470: printSegment: data
   DEBUG: 2022-11-21 14:12:47,675:      pdf_renderer.py:  470: printSegment: <
   DEBUG: 2022-11-21 14:12:47,675:      pdf_renderer.py:  470: printSegment:  folder
   DEBUG: 2022-11-21 14:12:47,676:      pdf_renderer.py:  470: printSegment: l
   DEBUG: 2022-11-21 14:12:47,676:      pdf_renderer.py:  470: printSegment: avi
   DEBUG: 2022-11-21 14:12:47,676:      pdf_renderer.py:  470: printSegment: _
   DEBUG: 2022-11-21 14:12:47,676:      pdf_renderer.py:  470: printSegment: files
   DEBUG: 2022-11-21 14:12:47,676:      pdf_renderer.py:  470: printSegment:  and avi
   DEBUG: 2022-11-21 14:12:47,677:      pdf_renderer.py:  470: printSegment: _
   DEBUG: 2022-11-21 14:12:47,677:      pdf_renderer.py:  470: printSegment: files
   DEBUG: 2022-11-21 14:12:47,677:      pdf_renderer.py:  470: printSegment: _
   DEBUG: 2022-11-21 14:12:47,677:      pdf_renderer.py:  470: printSegment: Results
   DEBUG: 2022-11-21 14:12:47,677:      pdf_renderer.py:  470: printSegment: _
   DEBUG: 2022-11-21 14:12:47,677:      pdf_renderer.py:  470: printSegment: example
   DEBUG: 2022-11-21 14:12:47,678:      pdf_renderer.py:  470: printSegment: l
   DEBUG: 2022-11-21 14:12:47,678:      pdf_renderer.py:  470: printSegment: frames per seconds = 29 and cut movie at = 20 sec
   DEBUG: 2022-11-21 14:12:47,678:      pdf_renderer.py:  470: printSegment: l
   DEBUG: 2022-11-21 14:12:47,678:      pdf_renderer.py:  470: printSegment: czi-files
   DEBUG: 2022-11-21 14:12:47,678:      pdf_renderer.py:  470: printSegment:  and czi-files
   DEBUG: 2022-11-21 14:12:47,679:      pdf_renderer.py:  470: printSegment: _
   DEBUG: 2022-11-21 14:12:47,679:      pdf_renderer.py:  470: printSegment: Results
   DEBUG: 2022-11-21 14:12:47,679:      pdf_renderer.py:  470: printSegment: _
   DEBUG: 2022-11-21 14:12:47,679:      pdf_renderer.py:  470: printSegment: example
   DEBUG: 2022-11-21 14:12:47,679:      pdf_renderer.py:  470: printSegment: l
   DEBUG: 2022-11-21 14:12:47,679:      pdf_renderer.py:  470: printSegment: frames per seconds = 9.5 and cut movie at = 20 sec
   DEBUG: 2022-11-21 14:12:47,680:      pdf_renderer.py:  470: printSegment: l
   DEBUG: 2022-11-21 14:12:47,680:      pdf_renderer.py:  470: printSegment: tif
   DEBUG: 2022-11-21 14:12:47,680:      pdf_renderer.py:  470: printSegment: _
   DEBUG: 2022-11-21 14:12:47,680:      pdf_renderer.py:  470: printSegment: files
   DEBUG: 2022-11-21 14:12:47,681:      pdf_renderer.py:  470: printSegment:  and tif
   DEBUG: 2022-11-21 14:12:47,681:      pdf_renderer.py:  470: printSegment: _
   DEBUG: 2022-11-21 14:12:47,681:      pdf_renderer.py:  470: printSegment: files
   DEBUG: 2022-11-21 14:12:47,681:      pdf_renderer.py:  470: printSegment: _
   DEBUG: 2022-11-21 14:12:47,681:      pdf_renderer.py:  470: printSegment: Results
   DEBUG: 2022-11-21 14:12:47,681:      pdf_renderer.py:  470: printSegment: _
   DEBUG: 2022-11-21 14:12:47,682:      pdf_renderer.py:  470: printSegment: example
   DEBUG: 2022-11-21 14:12:47,682:      pdf_renderer.py:  470: printSegment: l
   DEBUG: 2022-11-21 14:12:47,682:      pdf_renderer.py:  470: printSegment: frames per seconds = 6 and cut movie at = 6 sec
   DEBUG: 2022-11-21 14:12:47,682:      pdf_renderer.py:  470: printSegment: l
   DEBUG: 2022-11-21 14:12:47,682:      pdf_renderer.py:  470: printSegment: bad example as too few frames per sec
   DEBUG: 2022-11-21 14:12:47,683:      pdf_renderer.py:  470: printSegment: Select input and output folder and set configurations
   DEBUG: 2022-11-21 14:12:47,685:      pdf_renderer.py:  235: C:\Users\tobia\PycharmProjects\WetLab\Zebrafish\pyHeart4Fish\pyHeart4Fish_GUI\Screenshots_tutorial\1_main_window.jpeg, 716, 365
   DEBUG: 2022-11-21 14:12:47,686:      pdf_renderer.py:  470: printSegment: <table border="1">
   DEBUG: 2022-11-21 14:12:47,686:      pdf_renderer.py:  470: printSegment:   <tr>
   DEBUG: 2022-11-21 14:12:47,686:      pdf_renderer.py:  470: printSegment:     <td><b>Input folder</b>:</td>
   DEBUG: 2022-11-21 14:12:47,687:      pdf_renderer.py:  470: printSegment:     <td>contains all movie-files/ images in sub-folders for one
   DEBUG: 2022-11-21 14:12:47,687:      pdf_renderer.py:  470: printSegment: project/ experiment </td>
   DEBUG: 2022-11-21 14:12:47,687:      pdf_renderer.py:  470: printSegment:    </tr>
   DEBUG: 2022-11-21 14:12:47,688:      pdf_renderer.py:  470: printSegment:   <tr>
   DEBUG: 2022-11-21 14:12:47,688:      pdf_renderer.py:  470: printSegment:      <td><b>Output folder</b>: </td>
   DEBUG: 2022-11-21 14:12:47,688:      pdf_renderer.py:  470: printSegment:      <td>
   DEBUG: 2022-11-21 14:12:47,689:      pdf_renderer.py:  470: printSegment:         > is automatically create: input + "_Results" <br/> 
   DEBUG: 2022-11-21 14:12:47,689:      pdf_renderer.py:  470: printSegment:         > click >Change output< 
   DEBUG: 2022-11-21 14:12:47,689:      pdf_renderer.py:  470: printSegment:      </td>
   DEBUG: 2022-11-21 14:12:47,689:      pdf_renderer.py:  470: printSegment:   </tr>
   DEBUG: 2022-11-21 14:12:47,689:      pdf_renderer.py:  470: printSegment:   <tr>
   DEBUG: 2022-11-21 14:12:47,689:      pdf_renderer.py:  470: printSegment:     <td><b> Frames per second: </b> </td>
   DEBUG: 2022-11-21 14:12:47,689:      pdf_renderer.py:  470: printSegment:     <td> should be > 15 for optimal results </td>
   DEBUG: 2022-11-21 14:12:47,690:      pdf_renderer.py:  470: printSegment:   </tr>
   DEBUG: 2022-11-21 14:12:47,690:      pdf_renderer.py:  470: printSegment:   <tr>
   DEBUG: 2022-11-21 14:12:47,690:      pdf_renderer.py:  470: printSegment:      <td> <b> Skip images: </b> </td>
   DEBUG: 2022-11-21 14:12:47,690:      pdf_renderer.py:  470: printSegment:      <td> > default 0, (0 - 10 possible) <br/>
   DEBUG: 2022-11-21 14:12:47,690:      pdf_renderer.py:  470: printSegment:           > 1 = every second frame is skipped  <br/>
   DEBUG: 2022-11-21 14:12:47,691:      pdf_renderer.py:  470: printSegment:           > might accelerate the process as the number of images is
   DEBUG: 2022-11-21 14:12:47,691:      pdf_renderer.py:  470: printSegment: cut half <br/>
   DEBUG: 2022-11-21 14:12:47,691:      pdf_renderer.py:  470: printSegment:           > use only if frame rate is high enough! 
   DEBUG: 2022-11-21 14:12:47,691:      pdf_renderer.py:  470: printSegment:           </td>
   DEBUG: 2022-11-21 14:12:47,691:      pdf_renderer.py:  470: printSegment:   </tr>
   DEBUG: 2022-11-21 14:12:47,691:      pdf_renderer.py:  470: printSegment:   <tr>
   DEBUG: 2022-11-21 14:12:47,692:      pdf_renderer.py:  470: printSegment:      <td> <b> Pixel size: </b> </td>
   DEBUG: 2022-11-21 14:12:47,692:      pdf_renderer.py:  470: printSegment:      <td> > Please check the size of a pixel at your microscope
   DEBUG: 2022-11-21 14:12:47,692:      pdf_renderer.py:  470: printSegment: <br/>
   DEBUG: 2022-11-21 14:12:47,692:      pdf_renderer.py:  470: printSegment:           > a wrong pixel size will give wrong heart size etc. 
   DEBUG: 2022-11-21 14:12:47,693:      pdf_renderer.py:  470: printSegment: <br/>
   DEBUG: 2022-11-21 14:12:47,693:      pdf_renderer.py:  470: printSegment:           </td>
   DEBUG: 2022-11-21 14:12:47,693:      pdf_renderer.py:  470: printSegment:   </tr> 
   DEBUG: 2022-11-21 14:12:47,693:      pdf_renderer.py:  470: printSegment:   <tr>
   DEBUG: 2022-11-21 14:12:47,693:      pdf_renderer.py:  470: printSegment:      <td> <b> Cut movie (sec): </b> </td>
   DEBUG: 2022-11-21 14:12:47,693:      pdf_renderer.py:  470: printSegment:      <td> > the length of the movie should be at least 10 s <br/>
   DEBUG: 2022-11-21 14:12:47,694:      pdf_renderer.py:  470: printSegment:           > ensures that all movies have the same length  <br/>
   DEBUG: 2022-11-21 14:12:47,694:      pdf_renderer.py:  470: printSegment:           </td>
   DEBUG: 2022-11-21 14:12:47,694:      pdf_renderer.py:  470: printSegment:   </tr>
   DEBUG: 2022-11-21 14:12:47,694:      pdf_renderer.py:  470: printSegment:   <tr>
   DEBUG: 2022-11-21 14:12:47,694:      pdf_renderer.py:  470: printSegment:      <td> <b> File format: </b> </td>
   DEBUG: 2022-11-21 14:12:47,694:      pdf_renderer.py:  470: printSegment:      <td> see > <b> Input data types </b>
   DEBUG: 2022-11-21 14:12:47,695:      pdf_renderer.py:  470: printSegment:           </td>
   DEBUG: 2022-11-21 14:12:47,695:      pdf_renderer.py:  470: printSegment:   </tr>
   DEBUG: 2022-11-21 14:12:47,695:      pdf_renderer.py:  470: printSegment:   <tr>
   DEBUG: 2022-11-21 14:12:47,695:      pdf_renderer.py:  470: printSegment:      <td> <b> Overwrite data: </b> </td>
   DEBUG: 2022-11-21 14:12:47,695:      pdf_renderer.py:  470: printSegment:      <td> > if data need to be re-analyzed <br/>
   DEBUG: 2022-11-21 14:12:47,695:      pdf_renderer.py:  470: printSegment:           > if unselected all analyzed hearts will be skipped in
   DEBUG: 2022-11-21 14:12:47,696:      pdf_renderer.py:  470: printSegment: the project folder
   DEBUG: 2022-11-21 14:12:47,696:      pdf_renderer.py:  470: printSegment:           </td>
   DEBUG: 2022-11-21 14:12:47,696:      pdf_renderer.py:  470: printSegment:   </tr>
   DEBUG: 2022-11-21 14:12:47,696:      pdf_renderer.py:  470: printSegment: </table>
   DEBUG: 2022-11-21 14:12:47,696:      pdf_renderer.py:  470: printSegment: By clicking 
   DEBUG: 2022-11-21 14:12:47,697:      pdf_renderer.py:  470: printSegment: Start
   DEBUG: 2022-11-21 14:12:47,697:      pdf_renderer.py:  470: printSegment:  the script 
   DEBUG: 2022-11-21 14:12:47,697:      pdf_renderer.py:  470: printSegment: heart_beat_GUI_MAIN.py
   DEBUG: 2022-11-21 14:12:47,697:      pdf_renderer.py:  470: printSegment:  is executed which iteratively 
   DEBUG: 2022-11-21 14:12:47,698:      pdf_renderer.py:  470: printSegment: <br/>
   DEBUG: 2022-11-21 14:12:47,698:      pdf_renderer.py:  470: printSegment:  
   DEBUG: 2022-11-21 14:12:47,698:      pdf_renderer.py:  470: printSegment: executes 
   DEBUG: 2022-11-21 14:12:47,698:      pdf_renderer.py:  470: printSegment: heart_beat_GUI_only_one_fish_multiprocessing.py
   DEBUG: 2022-11-21 14:12:47,698:      pdf_renderer.py:  470: printSegment:  and 
   DEBUG: 2022-11-21 14:12:47,699:      pdf_renderer.py:  470: printSegment: <br/>
   DEBUG: 2022-11-21 14:12:47,699:      pdf_renderer.py:  470: printSegment:  
   DEBUG: 2022-11-21 14:12:47,699:      pdf_renderer.py:  470: printSegment: combines all Excel sheets once
   DEBUG: 2022-11-21 14:12:47,699:      pdf_renderer.py:  470: printSegment: all fish have been analyzed.
   DEBUG: 2022-11-21 14:12:47,699:      pdf_renderer.py:  470: printSegment:  
   DEBUG: 2022-11-21 14:12:47,700:      pdf_renderer.py:  470: printSegment: <br/>
   DEBUG: 2022-11-21 14:12:47,700:      pdf_renderer.py:  470: printSegment: Rotate heart
   DEBUG: 2022-11-21 14:12:47,700:      pdf_renderer.py:  470: printSegment: Rotate the heart using the slider to position ventricle  at the top and atrium at the bottom.
   DEBUG: 2022-11-21 14:12:47,700:      pdf_renderer.py:  470: printSegment:  
   DEBUG: 2022-11-21 14:12:47,701:      pdf_renderer.py:  470: printSegment: Click 
   DEBUG: 2022-11-21 14:12:47,701:      pdf_renderer.py:  470: printSegment: OK
   DEBUG: 2022-11-21 14:12:47,701:      pdf_renderer.py:  470: printSegment:  to continue.
   DEBUG: 2022-11-21 14:12:47,702:      pdf_renderer.py:  235: C:\Users\tobia\PycharmProjects\WetLab\Zebrafish\pyHeart4Fish\pyHeart4Fish_GUI\Screenshots_tutorial\2_rotate_heart_small.jpeg, 589, 444
   DEBUG: 2022-11-21 14:12:47,703:      pdf_renderer.py:  470: printSegment: Define atrium and ventricle
   DEBUG: 2022-11-21 14:12:47,704:      pdf_renderer.py:  470: printSegment: To distinguish between background and heart define 1) atrium and 2) ventricle area by 
   DEBUG: 2022-11-21 14:12:47,704:      pdf_renderer.py:  470: printSegment: Drag-and-Draw
   DEBUG: 2022-11-21 14:12:47,705:      pdf_renderer.py:  470: printSegment: .
   DEBUG: 2022-11-21 14:12:47,705:      pdf_renderer.py:  470: printSegment:  
   DEBUG: 2022-11-21 14:12:47,705:      pdf_renderer.py:  470: printSegment: Click 
   DEBUG: 2022-11-21 14:12:47,705:      pdf_renderer.py:  470: printSegment: OK
   DEBUG: 2022-11-21 14:12:47,705:      pdf_renderer.py:  470: printSegment: 
   DEBUG: 2022-11-21 14:12:47,705:      pdf_renderer.py:  470: printSegment: to start the analysis of all frames / images.
   DEBUG: 2022-11-21 14:12:47,706:      pdf_renderer.py:  235: C:\Users\tobia\PycharmProjects\WetLab\Zebrafish\pyHeart4Fish\pyHeart4Fish_GUI\Screenshots_tutorial\3_define_heart_areas_small.jpeg, 587, 445
   DEBUG: 2022-11-21 14:12:47,707:      pdf_renderer.py:  470: printSegment: The first processed images is shown after the complete analysis.
   DEBUG: 2022-11-21 14:12:47,707:      pdf_renderer.py:  470: printSegment:  
   DEBUG: 2022-11-21 14:12:47,707:      pdf_renderer.py:  470: printSegment: Press  
   DEBUG: 2022-11-21 14:12:47,707:      pdf_renderer.py:  470: printSegment: YES
   DEBUG: 2022-11-21 14:12:47,708:      pdf_renderer.py:  470: printSegment:  to show heart beat curves. 
   DEBUG: 2022-11-21 14:12:47,708:      pdf_renderer.py:  470: printSegment: <br/>
   DEBUG: 2022-11-21 14:12:47,708:      pdf_renderer.py:  470: printSegment: The number of analyzed fish hearts is shown in the left top corner (here: 1/2 analyzed)
   DEBUG: 2022-11-21 14:12:47,709:      pdf_renderer.py:  235: C:\Users\tobia\PycharmProjects\WetLab\Zebrafish\pyHeart4Fish\pyHeart4Fish_GUI\Screenshots_tutorial\4_progress_bar.jpeg, 600, 54
   DEBUG: 2022-11-21 14:12:47,710:      pdf_renderer.py:  235: C:\Users\tobia\PycharmProjects\WetLab\Zebrafish\pyHeart4Fish\pyHeart4Fish_GUI\Screenshots_tutorial\5_show_results_small.jpeg, 589, 445
   DEBUG: 2022-11-21 14:12:47,710:      pdf_renderer.py:  470: printSegment: Heartbeat curves
   DEBUG: 2022-11-21 14:12:47,711:      pdf_renderer.py:  470: printSegment: l
   DEBUG: 2022-11-21 14:12:47,711:      pdf_renderer.py:  470: printSegment: freq:
   DEBUG: 2022-11-21 14:12:47,712:      pdf_renderer.py:  470: printSegment:  frequency / rate of heartbeats derived from fitting sine function
   DEBUG: 2022-11-21 14:12:47,712:      pdf_renderer.py:  470: printSegment: l
   DEBUG: 2022-11-21 14:12:47,712:      pdf_renderer.py:  470: printSegment: fft
   DEBUG: 2022-11-21 14:12:47,713:      pdf_renderer.py:  470: printSegment: _
   DEBUG: 2022-11-21 14:12:47,713:      pdf_renderer.py:  470: printSegment: freq:
   DEBUG: 2022-11-21 14:12:47,713:      pdf_renderer.py:  470: printSegment:  frequency / rate of heartbeats derived from fast fourier transformation (FFT)
   DEBUG: 2022-11-21 14:12:47,713:      pdf_renderer.py:  470: printSegment: l
   DEBUG: 2022-11-21 14:12:47,713:      pdf_renderer.py:  470: printSegment: phase shift:
   DEBUG: 2022-11-21 14:12:47,714:      pdf_renderer.py:  470: printSegment:  shift between atrium and ventricle
   DEBUG: 2022-11-21 14:12:47,714:      pdf_renderer.py:  470: printSegment:  
   DEBUG: 2022-11-21 14:12:47,714:      pdf_renderer.py:  470: printSegment: <br/>
   DEBUG: 2022-11-21 14:12:47,715:      pdf_renderer.py:  470: printSegment:  
   DEBUG: 2022-11-21 14:12:47,715:      pdf_renderer.py:  470: printSegment:  
   DEBUG: 2022-11-21 14:12:47,717:      pdf_renderer.py:  470: printSegment:  > A very small or very high phase shift can
   DEBUG: 2022-11-21 14:12:47,717:      pdf_renderer.py:  470: printSegment: be a sign of arrhythmia / AV-block
   DEBUG: 2022-11-21 14:12:47,718:      pdf_renderer.py:  470: printSegment: l
   DEBUG: 2022-11-21 14:12:47,718:      pdf_renderer.py:  470: printSegment: arrhythmia score:
   DEBUG: 2022-11-21 14:12:47,718:      pdf_renderer.py:  470: printSegment:  The lower this value, the more regular the heartbeat.
   DEBUG: 2022-11-21 14:12:47,719:      pdf_renderer.py:  470: printSegment:  
   DEBUG: 2022-11-21 14:12:47,719:      pdf_renderer.py:  470: printSegment: <br/>
   DEBUG: 2022-11-21 14:12:47,719:      pdf_renderer.py:  470: printSegment:  
   DEBUG: 2022-11-21 14:12:47,719:      pdf_renderer.py:  470: printSegment:  
   DEBUG: 2022-11-21 14:12:47,719:      pdf_renderer.py:  470: printSegment:  > a value 
   DEBUG: 2022-11-21 14:12:47,720:      pdf_renderer.py:  470: printSegment: >
   DEBUG: 2022-11-21 14:12:47,720:      pdf_renderer.py:  470: printSegment: 0.7 is
   DEBUG: 2022-11-21 14:12:47,720:      pdf_renderer.py:  470: printSegment: sign of arrhythmia
   DEBUG: 2022-11-21 14:12:47,720:      pdf_renderer.py:  470: printSegment: l
   DEBUG: 2022-11-21 14:12:47,720:      pdf_renderer.py:  470: printSegment: av-block score:
   DEBUG: 2022-11-21 14:12:47,720:      pdf_renderer.py:  470: printSegment:  the absolute difference of all frequencies (freq and fft
   DEBUG: 2022-11-21 14:12:47,721:      pdf_renderer.py:  470: printSegment: _
   DEBUG: 2022-11-21 14:12:47,721:      pdf_renderer.py:  470: printSegment: freq) between atrium and
   DEBUG: 2022-11-21 14:12:47,721:      pdf_renderer.py:  470: printSegment: ventricle
   DEBUG: 2022-11-21 14:12:47,721:      pdf_renderer.py:  470: printSegment:  
   DEBUG: 2022-11-21 14:12:47,721:      pdf_renderer.py:  470: printSegment: <br/>
   DEBUG: 2022-11-21 14:12:47,722:      pdf_renderer.py:  470: printSegment:  
   DEBUG: 2022-11-21 14:12:47,722:      pdf_renderer.py:  470: printSegment:  
   DEBUG: 2022-11-21 14:12:47,722:      pdf_renderer.py:  470: printSegment:  > a value 
   DEBUG: 2022-11-21 14:12:47,722:      pdf_renderer.py:  470: printSegment: >
   DEBUG: 2022-11-21 14:12:47,722:      pdf_renderer.py:  470: printSegment: 0.5 is a sign
   DEBUG: 2022-11-21 14:12:47,723:      pdf_renderer.py:  235: C:\Users\tobia\PycharmProjects\WetLab\Zebrafish\pyHeart4Fish\pyHeart4Fish_GUI\Screenshots_tutorial\6_heart_beat_curves._small.jpeg, 658, 398
   DEBUG: 2022-11-21 14:12:47,724:      pdf_renderer.py:  470: printSegment: Excel sheet for all heart movies analyzed
   DEBUG: 2022-11-21 14:12:47,724:      pdf_renderer.py:  470: printSegment: Once all fish hearts have been analyzed you can choose to open the summary Excel sheet for all fish
   DEBUG: 2022-11-21 14:12:47,725:      pdf_renderer.py:  235: C:\Users\tobia\PycharmProjects\WetLab\Zebrafish\pyHeart4Fish\pyHeart4Fish_GUI\Screenshots_tutorial\7_open_excel_sheet.jpeg, 200, 106
   DEBUG: 2022-11-21 14:12:47,726:      pdf_renderer.py:  470: printSegment: Troubleshooting and FAQ
   DEBUG: 2022-11-21 14:12:47,726:      pdf_renderer.py:  470: printSegment: l
   DEBUG: 2022-11-21 14:12:47,726:      pdf_renderer.py:  470: printSegment: make sure that the background fluorescence is as low as possible
   DEBUG: 2022-11-21 14:12:47,726:      pdf_renderer.py:  470: printSegment: l
   DEBUG: 2022-11-21 14:12:47,727:      pdf_renderer.py:  470: printSegment: In step 2, make sure you correctly select the atrium (in most case less bright part of the fish),
   DEBUG: 2022-11-21 14:12:47,727:      pdf_renderer.py:  470: printSegment: <br/>
   DEBUG: 2022-11-21 14:12:47,727:      pdf_renderer.py:  470: printSegment:  
   DEBUG: 2022-11-21 14:12:47,727:      pdf_renderer.py:  470: printSegment: otherwise the background threshold is set incorrectly
   DEBUG: 2022-11-21 14:12:47,728:      pdf_renderer.py:  470: printSegment: l
   DEBUG: 2022-11-21 14:12:47,728:      pdf_renderer.py:  470: printSegment: if the heart hasn
   DEBUG: 2022-11-21 14:12:47,728:      pdf_renderer.py:  470: printSegment: '
   DEBUG: 2022-11-21 14:12:47,728:      pdf_renderer.py:  470: printSegment: t been found correctly, please try to redefine atrium and ventricle area
   DEBUG: 2022-11-21 14:12:47,728:      pdf_renderer.py:  470: printSegment: Please contact tobias.reinberger@uni-luebeck.de to report issues
   DEBUG: 2022-11-21 14:12:47,729:      pdf_renderer.py:  470: printSegment: Licensing
   DEBUG: 2022-11-21 14:12:47,730:      pdf_renderer.py:   53: 0, [1, 'pyheart4fish - a heart beat analysis tool for zebrafish', 1, 68.0]
   DEBUG: 2022-11-21 14:12:47,730:      pdf_renderer.py:   53: 1, [2, 'Content', 1, 154.0]
   DEBUG: 2022-11-21 14:12:47,730:      pdf_renderer.py:   53: 2, [2, 'Requirements / Dependencies', 1, 259.6]
   DEBUG: 2022-11-21 14:12:47,730:      pdf_renderer.py:   53: 3, [2, 'How to run pyheart4fish - Tutorial/ Documentation', 1, 545.2]
   DEBUG: 2022-11-21 14:12:47,730:      pdf_renderer.py:   53: 4, [3, 'Installation', 1, 578.4]
   DEBUG: 2022-11-21 14:12:47,730:      pdf_renderer.py:   53: 5, [3, 'Run heart', 1, 655.1999999999999]
   DEBUG: 2022-11-21 14:12:47,730:      pdf_renderer.py:   53: 6, [3, 'Input data types', 2, 92.4]
   DEBUG: 2022-11-21 14:12:47,730:      pdf_renderer.py:   53: 7, [3, 'Outputs stored in the results folder', 2, 181.20000000000002]
   DEBUG: 2022-11-21 14:12:47,730:      pdf_renderer.py:   53: 8, [3, 'Test data sets in >Test', 2, 294.0]
   DEBUG: 2022-11-21 14:12:47,730:      pdf_renderer.py:   53: 9, [3, 'Select input and output folder and set configurations', 2, 466.79999999999995]
   DEBUG: 2022-11-21 14:12:47,730:      pdf_renderer.py:   53: 10, [3, 'Rotate heart', 4, 422.4]
   DEBUG: 2022-11-21 14:12:47,730:      pdf_renderer.py:   53: 11, [3, 'Define atrium and ventricle', 5, 475.18777589134123]
   DEBUG: 2022-11-21 14:12:47,730:      pdf_renderer.py:   53: 12, [3, 'Heartbeat curves', 7, 451.98234295415955]
   DEBUG: 2022-11-21 14:12:47,730:      pdf_renderer.py:   53: 13, [3, 'Excel sheet for all heart movies analyzed', 8, 381.47598784194525]
   DEBUG: 2022-11-21 14:12:47,730:      pdf_renderer.py:   53: 14, [2, 'Troubleshooting and FAQ', 8, 564.6759878419452]
   DEBUG: 2022-11-21 14:12:47,730:      pdf_renderer.py:   53: 15, [2, 'Licensing', 8, 694.2759878419452]
